# JRE version: Java(TM) SE Runtime Environment (7.0_79-b15) (build 1.7.0_79-b15)
# Java VM: Java HotSpot(TM) 64-Bit Server VM (24.79-b02 mixed mode bsd-amd64 compressed oops)
Heap
 PSYoungGen      total 327680K, used 205239K [0x00000007eaa80000, 0x0000000800000000, 0x0000000800000000)
  eden space 305664K, 63% used [0x00000007eaa80000,0x00000007f6760ad8,0x00000007fd500000)
  from space 22016K, 53% used [0x00000007fd500000,0x00000007fe08d208,0x00000007fea80000)
  to   space 22016K, 0% used [0x00000007fea80000,0x00000007fea80000,0x0000000800000000)
 ParOldGen       total 80896K, used 48386K [0x00000007c0000000, 0x00000007c4f00000, 0x00000007eaa80000)
  object space 80896K, 59% used [0x00000007c0000000,0x00000007c2f40990,0x00000007c4f00000)
 PSPermGen       total 83456K, used 43239K [0x00000007bae00000, 0x00000007bff80000, 0x00000007c0000000)
  object space 83456K, 51% used [0x00000007bae00000,0x00000007bd839e90,0x00000007bff80000)
GC Heap History (10 events):
Event: 9.304 GC heap before
{Heap before GC invocations=12 (full 0):
 PSYoungGen      total 223232K, used 223224K [0x00000007eaa80000, 0x0000000800000000, 0x0000000800000000)
  eden space 216576K, 100% used [0x00000007eaa80000,0x00000007f7e00000,0x00000007f7e00000)
  from space 6656K, 99% used [0x00000007f7e00000,0x00000007f847e368,0x00000007f8480000)
  to   space 10752K, 0% used [0x00000007ff580000,0x00000007ff580000,0x0000000800000000)
 ParOldGen       total 43520K, used 21978K [0x00000007c0000000, 0x00000007c2a80000, 0x00000007eaa80000)
  object space 43520K, 50% used [0x00000007c0000000,0x00000007c1576998,0x00000007c2a80000)
 PSPermGen       total 38912K, used 38522K [0x00000007bae00000, 0x00000007bd400000, 0x00000007c0000000)
  object space 38912K, 98% used [0x00000007bae00000,0x00000007bd39eb08,0x00000007bd400000)
Event: 9.343 GC heap after
Heap after GC invocations=12 (full 0):
 PSYoungGen      total 329728K, used 10727K [0x00000007eaa80000, 0x0000000800000000, 0x0000000800000000)
  eden space 318976K, 0% used [0x00000007eaa80000,0x00000007eaa80000,0x00000007fe200000)
  from space 10752K, 99% used [0x00000007ff580000,0x00000007ffff9e78,0x0000000800000000)
  to   space 15360K, 0% used [0x00000007fe200000,0x00000007fe200000,0x00000007ff100000)
 ParOldGen       total 43520K, used 29411K [0x00000007c0000000, 0x00000007c2a80000, 0x00000007eaa80000)
  object space 43520K, 67% used [0x00000007c0000000,0x00000007c1cb8fe8,0x00000007c2a80000)
 PSPermGen       total 38912K, used 38522K [0x00000007bae00000, 0x00000007bd400000, 0x00000007c0000000)
  object space 38912K, 98% used [0x00000007bae00000,0x00000007bd39eb08,0x00000007bd400000)
}
Event: 10.241 GC heap before
{Heap before GC invocations=13 (full 0):
 PSYoungGen      total 329728K, used 329703K [0x00000007eaa80000, 0x0000000800000000, 0x0000000800000000)
  eden space 318976K, 100% used [0x00000007eaa80000,0x00000007fe200000,0x00000007fe200000)
  from space 10752K, 99% used [0x00000007ff580000,0x00000007ffff9e78,0x0000000800000000)
  to   space 15360K, 0% used [0x00000007fe200000,0x00000007fe200000,0x00000007ff100000)
 ParOldGen       total 43520K, used 29411K [0x00000007c0000000, 0x00000007c2a80000, 0x00000007eaa80000)
  object space 43520K, 67% used [0x00000007c0000000,0x00000007c1cb8fe8,0x00000007c2a80000)
 PSPermGen       total 41984K, used 41547K [0x00000007bae00000, 0x00000007bd700000, 0x00000007c0000000)
  object space 41984K, 98% used [0x00000007bae00000,0x00000007bd692e98,0x00000007bd700000)
Event: 10.329 GC heap after
Heap after GC invocations=13 (full 0):
 PSYoungGen      total 334336K, used 15328K [0x00000007eaa80000, 0x0000000800000000, 0x0000000800000000)
  eden space 318976K, 0% used [0x00000007eaa80000,0x00000007eaa80000,0x00000007fe200000)
  from space 15360K, 99% used [0x00000007fe200000,0x00000007ff0f80a8,0x00000007ff100000)
  to   space 15360K, 0% used [0x00000007ff100000,0x00000007ff100000,0x0000000800000000)
 ParOldGen       total 43520K, used 40393K [0x00000007c0000000, 0x00000007c2a80000, 0x00000007eaa80000)
  object space 43520K, 92% used [0x00000007c0000000,0x00000007c2772578,0x00000007c2a80000)
 PSPermGen       total 41984K, used 41547K [0x00000007bae00000, 0x00000007bd700000, 0x00000007c0000000)
  object space 41984K, 98% used [0x00000007bae00000,0x00000007bd692e98,0x00000007bd700000)
}
Event: 10.330 GC heap before
{Heap before GC invocations=14 (full 1):
 PSYoungGen      total 334336K, used 15328K [0x00000007eaa80000, 0x0000000800000000, 0x0000000800000000)
  eden space 318976K, 0% used [0x00000007eaa80000,0x00000007eaa80000,0x00000007fe200000)
  from space 15360K, 99% used [0x00000007fe200000,0x00000007ff0f80a8,0x00000007ff100000)
  to   space 15360K, 0% used [0x00000007ff100000,0x00000007ff100000,0x0000000800000000)
 ParOldGen       total 43520K, used 40393K [0x00000007c0000000, 0x00000007c2a80000, 0x00000007eaa80000)
  object space 43520K, 92% used [0x00000007c0000000,0x00000007c2772578,0x00000007c2a80000)
 PSPermGen       total 41984K, used 41547K [0x00000007bae00000, 0x00000007bd700000, 0x00000007c0000000)
  object space 41984K, 98% used [0x00000007bae00000,0x00000007bd692e98,0x00000007bd700000)
Event: 10.890 GC heap after
Heap after GC invocations=14 (full 1):
 PSYoungGen      total 334336K, used 7065K [0x00000007eaa80000, 0x0000000800000000, 0x0000000800000000)
  eden space 318976K, 0% used [0x00000007eaa80000,0x00000007eaa80000,0x00000007fe200000)
  from space 15360K, 45% used [0x00000007fe200000,0x00000007fe8e6508,0x00000007ff100000)
  to   space 15360K, 0% used [0x00000007ff100000,0x00000007ff100000,0x0000000800000000)
 ParOldGen       total 80896K, used 43456K [0x00000007c0000000, 0x00000007c4f00000, 0x00000007eaa80000)
  object space 80896K, 53% used [0x00000007c0000000,0x00000007c2a701e0,0x00000007c4f00000)
 PSPermGen       total 83456K, used 41518K [0x00000007bae00000, 0x00000007bff80000, 0x00000007c0000000)
  object space 83456K, 49% used [0x00000007bae00000,0x00000007bd68bac0,0x00000007bff80000)
}
Event: 11.455 GC heap before
{Heap before GC invocations=15 (full 1):
 PSYoungGen      total 334336K, used 326041K [0x00000007eaa80000, 0x0000000800000000, 0x0000000800000000)
  eden space 318976K, 100% used [0x00000007eaa80000,0x00000007fe200000,0x00000007fe200000)
  from space 15360K, 45% used [0x00000007fe200000,0x00000007fe8e6508,0x00000007ff100000)
  to   space 15360K, 0% used [0x00000007ff100000,0x00000007ff100000,0x0000000800000000)
 ParOldGen       total 80896K, used 43456K [0x00000007c0000000, 0x00000007c4f00000, 0x00000007eaa80000)
  object space 80896K, 53% used [0x00000007c0000000,0x00000007c2a701e0,0x00000007c4f00000)
 PSPermGen       total 83456K, used 41567K [0x00000007bae00000, 0x00000007bff80000, 0x00000007c0000000)
  object space 83456K, 49% used [0x00000007bae00000,0x00000007bd697e58,0x00000007bff80000)
Event: 11.521 GC heap after
Heap after GC invocations=15 (full 1):
 PSYoungGen      total 321024K, used 13528K [0x00000007eaa80000, 0x0000000800000000, 0x0000000800000000)
  eden space 305664K, 0% used [0x00000007eaa80000,0x00000007eaa80000,0x00000007fd500000)
  from space 15360K, 88% used [0x00000007ff100000,0x00000007ffe36270,0x0000000800000000)
  to   space 22016K, 0% used [0x00000007fd500000,0x00000007fd500000,0x00000007fea80000)
 ParOldGen       total 80896K, used 48386K [0x00000007c0000000, 0x00000007c4f00000, 0x00000007eaa80000)
  object space 80896K, 59% used [0x00000007c0000000,0x00000007c2f40990,0x00000007c4f00000)
 PSPermGen       total 83456K, used 41567K [0x00000007bae00000, 0x00000007bff80000, 0x00000007c0000000)
  object space 83456K, 49% used [0x00000007bae00000,0x00000007bd697e58,0x00000007bff80000)
}
Event: 12.626 GC heap before
{Heap before GC invocations=16 (full 1):
 PSYoungGen      total 321024K, used 319192K [0x00000007eaa80000, 0x0000000800000000, 0x0000000800000000)
  eden space 305664K, 100% used [0x00000007eaa80000,0x00000007fd500000,0x00000007fd500000)
  from space 15360K, 88% used [0x00000007ff100000,0x00000007ffe36270,0x0000000800000000)
  to   space 22016K, 0% used [0x00000007fd500000,0x00000007fd500000,0x00000007fea80000)
 ParOldGen       total 80896K, used 48386K [0x00000007c0000000, 0x00000007c4f00000, 0x00000007eaa80000)
  object space 80896K, 59% used [0x00000007c0000000,0x00000007c2f40990,0x00000007c4f00000)
 PSPermGen       total 83456K, used 43007K [0x00000007bae00000, 0x00000007bff80000, 0x00000007c0000000)
  object space 83456K, 51% used [0x00000007bae00000,0x00000007bd7ffd28,0x00000007bff80000)
Event: 12.645 GC heap after
Heap after GC invocations=16 (full 1):
 PSYoungGen      total 327680K, used 11828K [0x00000007eaa80000, 0x0000000800000000, 0x0000000800000000)
  eden space 305664K, 0% used [0x00000007eaa80000,0x00000007eaa80000,0x00000007fd500000)
  from space 22016K, 53% used [0x00000007fd500000,0x00000007fe08d208,0x00000007fea80000)
  to   space 22016K, 0% used [0x00000007fea80000,0x00000007fea80000,0x0000000800000000)
 ParOldGen       total 80896K, used 48386K [0x00000007c0000000, 0x00000007c4f00000, 0x00000007eaa80000)
  object space 80896K, 59% used [0x00000007c0000000,0x00000007c2f40990,0x00000007c4f00000)
 PSPermGen       total 83456K, used 43007K [0x00000007bae00000, 0x00000007bff80000, 0x00000007c0000000)
  object space 83456K, 51% used [0x00000007bae00000,0x00000007bd7ffd28,0x00000007bff80000)
}

