# JRE version: Java(TM) SE Runtime Environment (7.0_79-b15) (build 1.7.0_79-b15)
# Java VM: Java HotSpot(TM) 64-Bit Server VM (24.79-b02 mixed mode bsd-amd64 compressed oops)
Heap
 PSYoungGen      total 222208K, used 4273K [0x00000007f0000000, 0x0000000800000000, 0x0000000800000000)
  eden space 180224K, 2% used [0x00000007f0000000,0x00000007f03fc788,0x00000007fb000000)
  from space 41984K, 0% used [0x00000007fd700000,0x00000007fd730000,0x0000000800000000)
  to   space 39936K, 0% used [0x00000007fb000000,0x00000007fb000000,0x00000007fd700000)
 ParOldGen       total 524288K, used 60720K [0x00000007d0000000, 0x00000007f0000000, 0x00000007f0000000)
  object space 524288K, 11% used [0x00000007d0000000,0x00000007d3b4c358,0x00000007f0000000)
 PSPermGen       total 37888K, used 37420K [0x00000007cae00000, 0x00000007cd300000, 0x00000007d0000000)
  object space 37888K, 98% used [0x00000007cae00000,0x00000007cd28b220,0x00000007cd300000)
GC Heap History (10 events):
Event: 1775.798 GC heap before
{Heap before GC invocations=26 (full 0):
 PSYoungGen      total 207872K, used 155296K [0x00000007f0000000, 0x0000000800000000, 0x0000000800000000)
  eden space 155136K, 100% used [0x00000007f0000000,0x00000007f9780000,0x00000007f9780000)
  from space 52736K, 0% used [0x00000007f9780000,0x00000007f97a8000,0x00000007fcb00000)
  to   space 50688K, 0% used [0x00000007fce80000,0x00000007fce80000,0x0000000800000000)
 ParOldGen       total 524288K, used 60540K [0x00000007d0000000, 0x00000007f0000000, 0x00000007f0000000)
  object space 524288K, 11% used [0x00000007d0000000,0x00000007d3b1f168,0x00000007f0000000)
 PSPermGen       total 37376K, used 37303K [0x00000007cae00000, 0x00000007cd280000, 0x00000007d0000000)
  object space 37376K, 99% used [0x00000007cae00000,0x00000007cd26de48,0x00000007cd280000)
Event: 1775.804 GC heap after
Heap after GC invocations=26 (full 0):
 PSYoungGen      total 213504K, used 160K [0x00000007f0000000, 0x0000000800000000, 0x0000000800000000)
  eden space 162816K, 0% used [0x00000007f0000000,0x00000007f0000000,0x00000007f9f00000)
  from space 50688K, 0% used [0x00000007fce80000,0x00000007fcea8000,0x0000000800000000)
  to   space 48640K, 0% used [0x00000007f9f00000,0x00000007f9f00000,0x00000007fce80000)
 ParOldGen       total 524288K, used 60564K [0x00000007d0000000, 0x00000007f0000000, 0x00000007f0000000)
  object space 524288K, 11% used [0x00000007d0000000,0x00000007d3b25168,0x00000007f0000000)
 PSPermGen       total 37376K, used 37303K [0x00000007cae00000, 0x00000007cd280000, 0x00000007d0000000)
  object space 37376K, 99% used [0x00000007cae00000,0x00000007cd26de48,0x00000007cd280000)
}
Event: 1901.362 GC heap before
{Heap before GC invocations=27 (full 0):
 PSYoungGen      total 213504K, used 162976K [0x00000007f0000000, 0x0000000800000000, 0x0000000800000000)
  eden space 162816K, 100% used [0x00000007f0000000,0x00000007f9f00000,0x00000007f9f00000)
  from space 50688K, 0% used [0x00000007fce80000,0x00000007fcea8000,0x0000000800000000)
  to   space 48640K, 0% used [0x00000007f9f00000,0x00000007f9f00000,0x00000007fce80000)
 ParOldGen       total 524288K, used 60564K [0x00000007d0000000, 0x00000007f0000000, 0x00000007f0000000)
  object space 524288K, 11% used [0x00000007d0000000,0x00000007d3b25168,0x00000007f0000000)
 PSPermGen       total 37376K, used 37321K [0x00000007cae00000, 0x00000007cd280000, 0x00000007d0000000)
  object space 37376K, 99% used [0x00000007cae00000,0x00000007cd2726d0,0x00000007cd280000)
Event: 1901.385 GC heap after
Heap after GC invocations=27 (full 0):
 PSYoungGen      total 211456K, used 160K [0x00000007f0000000, 0x0000000800000000, 0x0000000800000000)
  eden space 162816K, 0% used [0x00000007f0000000,0x00000007f0000000,0x00000007f9f00000)
  from space 48640K, 0% used [0x00000007f9f00000,0x00000007f9f28000,0x00000007fce80000)
  to   space 46592K, 0% used [0x00000007fd280000,0x00000007fd280000,0x0000000800000000)
 ParOldGen       total 524288K, used 60604K [0x00000007d0000000, 0x00000007f0000000, 0x00000007f0000000)
  object space 524288K, 11% used [0x00000007d0000000,0x00000007d3b2f168,0x00000007f0000000)
 PSPermGen       total 37376K, used 37321K [0x00000007cae00000, 0x00000007cd280000, 0x00000007d0000000)
  object space 37376K, 99% used [0x00000007cae00000,0x00000007cd2726d0,0x00000007cd280000)
}
Event: 1911.046 GC heap before
{Heap before GC invocations=28 (full 0):
 PSYoungGen      total 211456K, used 162976K [0x00000007f0000000, 0x0000000800000000, 0x0000000800000000)
  eden space 162816K, 100% used [0x00000007f0000000,0x00000007f9f00000,0x00000007f9f00000)
  from space 48640K, 0% used [0x00000007f9f00000,0x00000007f9f28000,0x00000007fce80000)
  to   space 46592K, 0% used [0x00000007fd280000,0x00000007fd280000,0x0000000800000000)
 ParOldGen       total 524288K, used 60604K [0x00000007d0000000, 0x00000007f0000000, 0x00000007f0000000)
  object space 524288K, 11% used [0x00000007d0000000,0x00000007d3b2f168,0x00000007f0000000)
 PSPermGen       total 37376K, used 37325K [0x00000007cae00000, 0x00000007cd280000, 0x00000007d0000000)
  object space 37376K, 99% used [0x00000007cae00000,0x00000007cd2736c8,0x00000007cd280000)
Event: 1911.050 GC heap after
Heap after GC invocations=28 (full 0):
 PSYoungGen      total 217600K, used 96K [0x00000007f0000000, 0x0000000800000000, 0x0000000800000000)
  eden space 171008K, 0% used [0x00000007f0000000,0x00000007f0000000,0x00000007fa700000)
  from space 46592K, 0% used [0x00000007fd280000,0x00000007fd298000,0x0000000800000000)
  to   space 44544K, 0% used [0x00000007fa700000,0x00000007fa700000,0x00000007fd280000)
 ParOldGen       total 524288K, used 60664K [0x00000007d0000000, 0x00000007f0000000, 0x00000007f0000000)
  object space 524288K, 11% used [0x00000007d0000000,0x00000007d3b3e358,0x00000007f0000000)
 PSPermGen       total 37376K, used 37325K [0x00000007cae00000, 0x00000007cd280000, 0x00000007d0000000)
  object space 37376K, 99% used [0x00000007cae00000,0x00000007cd2736c8,0x00000007cd280000)
}
Event: 2050.482 GC heap before
{Heap before GC invocations=29 (full 0):
 PSYoungGen      total 217600K, used 171104K [0x00000007f0000000, 0x0000000800000000, 0x0000000800000000)
  eden space 171008K, 100% used [0x00000007f0000000,0x00000007fa700000,0x00000007fa700000)
  from space 46592K, 0% used [0x00000007fd280000,0x00000007fd298000,0x0000000800000000)
  to   space 44544K, 0% used [0x00000007fa700000,0x00000007fa700000,0x00000007fd280000)
 ParOldGen       total 524288K, used 60664K [0x00000007d0000000, 0x00000007f0000000, 0x00000007f0000000)
  object space 524288K, 11% used [0x00000007d0000000,0x00000007d3b3e358,0x00000007f0000000)
 PSPermGen       total 37376K, used 37343K [0x00000007cae00000, 0x00000007cd280000, 0x00000007d0000000)
  object space 37376K, 99% used [0x00000007cae00000,0x00000007cd277c50,0x00000007cd280000)
Event: 2050.517 GC heap after
Heap after GC invocations=29 (full 0):
 PSYoungGen      total 215552K, used 160K [0x00000007f0000000, 0x0000000800000000, 0x0000000800000000)
  eden space 171008K, 0% used [0x00000007f0000000,0x00000007f0000000,0x00000007fa700000)
  from space 44544K, 0% used [0x00000007fa700000,0x00000007fa728000,0x00000007fd280000)
  to   space 41984K, 0% used [0x00000007fd700000,0x00000007fd700000,0x0000000800000000)
 ParOldGen       total 524288K, used 60688K [0x00000007d0000000, 0x00000007f0000000, 0x00000007f0000000)
  object space 524288K, 11% used [0x00000007d0000000,0x00000007d3b44358,0x00000007f0000000)
 PSPermGen       total 37376K, used 37343K [0x00000007cae00000, 0x00000007cd280000, 0x00000007d0000000)
  object space 37376K, 99% used [0x00000007cae00000,0x00000007cd277c50,0x00000007cd280000)
}
Event: 7181.495 GC heap before
{Heap before GC invocations=30 (full 0):
 PSYoungGen      total 215552K, used 171168K [0x00000007f0000000, 0x0000000800000000, 0x0000000800000000)
  eden space 171008K, 100% used [0x00000007f0000000,0x00000007fa700000,0x00000007fa700000)
  from space 44544K, 0% used [0x00000007fa700000,0x00000007fa728000,0x00000007fd280000)
  to   space 41984K, 0% used [0x00000007fd700000,0x00000007fd700000,0x0000000800000000)
 ParOldGen       total 524288K, used 60688K [0x00000007d0000000, 0x00000007f0000000, 0x00000007f0000000)
  object space 524288K, 11% used [0x00000007d0000000,0x00000007d3b44358,0x00000007f0000000)
 PSPermGen       total 37888K, used 37420K [0x00000007cae00000, 0x00000007cd300000, 0x00000007d0000000)
  object space 37888K, 98% used [0x00000007cae00000,0x00000007cd28b220,0x00000007cd300000)
Event: 7182.031 GC heap after
Heap after GC invocations=30 (full 0):
 PSYoungGen      total 222208K, used 192K [0x00000007f0000000, 0x0000000800000000, 0x0000000800000000)
  eden space 180224K, 0% used [0x00000007f0000000,0x00000007f0000000,0x00000007fb000000)
  from space 41984K, 0% used [0x00000007fd700000,0x00000007fd730000,0x0000000800000000)
  to   space 39936K, 0% used [0x00000007fb000000,0x00000007fb000000,0x00000007fd700000)
 ParOldGen       total 524288K, used 60720K [0x00000007d0000000, 0x00000007f0000000, 0x00000007f0000000)
  object space 524288K, 11% used [0x00000007d0000000,0x00000007d3b4c358,0x00000007f0000000)
 PSPermGen       total 37888K, used 37420K [0x00000007cae00000, 0x00000007cd300000, 0x00000007d0000000)
  object space 37888K, 98% used [0x00000007cae00000,0x00000007cd28b220,0x00000007cd300000)
}

